Mon Oct 09 2023 17:38:14 GMT+0100 (British Summer Time) | Blog Upload | [SUCCESS] | called function to create html file
Mon Oct 09 2023 17:38:14 GMT+0100 (British Summer Time) | Blog Upload | [SUCCESS] | Called convert HTML function
Mon Oct 09 2023 17:38:14 GMT+0100 (British Summer Time) | Blog Upload | [ERROR] | Error: ENOENT: no such file or directory, open 'C:\Users\Jay\OneDrive\Files\Websites\jellyware\server\server_built\docx_htmluploaded_file.docx', failed on convert to HTML
Mon Oct 09 2023 17:38:18 GMT+0100 (British Summer Time) | Blog Upload | [SUCCESS] | called function to create html file
Mon Oct 09 2023 17:38:18 GMT+0100 (British Summer Time) | Blog Upload | [SUCCESS] | Called convert HTML function
Mon Oct 09 2023 17:38:18 GMT+0100 (British Summer Time) | Blog Upload | [ERROR] | Error: ENOENT: no such file or directory, open 'C:\Users\Jay\OneDrive\Files\Websites\jellyware\server\server_built\docx_htmluploaded_file.docx', failed on convert to HTML
Mon Oct 09 2023 17:39:26 GMT+0100 (British Summer Time) | Blog Upload | [SUCCESS] | called function to create html file
Mon Oct 09 2023 17:39:26 GMT+0100 (British Summer Time) | Blog Upload | [SUCCESS] | Called convert HTML function
Mon Oct 09 2023 17:39:26 GMT+0100 (British Summer Time) | Blog Upload | [SUCCESS] | Saved HTML file
Mon Oct 09 2023 17:39:26 GMT+0100 (British Summer Time) | Blog Upload | [SUCCESS] | Removed .docx file from local storage
Mon Oct 09 2023 17:39:26 GMT+0100 (British Summer Time) | Blog Upload | [SUCCESS] | Sent success html doc to ::1
Mon Oct 09 2023 17:40:57 GMT+0100 (British Summer Time) | Blog Upload | [SUCCESS] | called function to create html file
Mon Oct 09 2023 17:40:57 GMT+0100 (British Summer Time) | Blog Upload | [SUCCESS] | Called convert HTML function
Mon Oct 09 2023 17:40:57 GMT+0100 (British Summer Time) | Blog Upload | [SUCCESS] | Saved HTML file
Mon Oct 09 2023 17:40:57 GMT+0100 (British Summer Time) | Blog Upload | [SUCCESS] | Removed .docx file from local storage
Mon Oct 09 2023 17:40:57 GMT+0100 (British Summer Time) | Blog Upload | [SUCCESS] | Sent success html doc to ::1
Mon Oct 09 2023 17:41:12 GMT+0100 (British Summer Time) | Blog Upload | [SUCCESS] | called function to create html file
Mon Oct 09 2023 17:41:12 GMT+0100 (British Summer Time) | Blog Upload | [SUCCESS] | Called convert HTML function
Mon Oct 09 2023 17:41:12 GMT+0100 (British Summer Time) | Blog Upload | [SUCCESS] | Saved HTML file
Mon Oct 09 2023 17:41:12 GMT+0100 (British Summer Time) | Blog Upload | [SUCCESS] | Removed .docx file from local storage
Mon Oct 09 2023 17:41:12 GMT+0100 (British Summer Time) | Blog Upload | [SUCCESS] | Sent success html doc to ::1
Mon Oct 09 2023 17:42:24 GMT+0100 (British Summer Time) | Blog Upload | [SUCCESS] | called function to create html file
Mon Oct 09 2023 17:42:24 GMT+0100 (British Summer Time) | Blog Upload | [SUCCESS] | Called convert HTML function
Mon Oct 09 2023 17:42:24 GMT+0100 (British Summer Time) | Blog Upload | [SUCCESS] | Saved HTML file
Mon Oct 09 2023 17:42:24 GMT+0100 (British Summer Time) | Blog Upload | [SUCCESS] | Removed .docx file from local storage
Mon Oct 09 2023 17:42:24 GMT+0100 (British Summer Time) | Blog Upload | [SUCCESS] | Sent success html doc to ::1
Mon Oct 09 2023 21:28:59 GMT+0100 (British Summer Time) | Blog Upload | [SUCCESS] | called function to create html file
Mon Oct 09 2023 21:28:59 GMT+0100 (British Summer Time) | Blog Upload | [SUCCESS] | Called convert HTML function
Mon Oct 09 2023 21:28:59 GMT+0100 (British Summer Time) | Blog Upload | [SUCCESS] | Saved HTML file
Mon Oct 09 2023 21:28:59 GMT+0100 (British Summer Time) | Blog Upload | [SUCCESS] | Removed .docx file from local storage
Mon Oct 09 2023 21:28:59 GMT+0100 (British Summer Time) | Blog Upload | [SUCCESS] | Sent success html doc to ::1
Mon Oct 09 2023 21:29:02 GMT+0100 (British Summer Time) | Blog Upload | [SUCCESS] | called function to create html file
Mon Oct 09 2023 21:29:02 GMT+0100 (British Summer Time) | Blog Upload | [SUCCESS] | Called convert HTML function
Mon Oct 09 2023 21:29:02 GMT+0100 (British Summer Time) | Blog Upload | [SUCCESS] | Saved HTML file
Mon Oct 09 2023 21:29:02 GMT+0100 (British Summer Time) | Blog Upload | [SUCCESS] | Removed .docx file from local storage
Mon Oct 09 2023 21:29:02 GMT+0100 (British Summer Time) | Blog Upload | [SUCCESS] | Sent success html doc to ::1
Mon Oct 09 2023 21:34:24 GMT+0100 (British Summer Time) | Blog Upload | [SUCCESS] | data ready to post to process reCAPTCHA
Mon Oct 09 2023 21:34:24 GMT+0100 (British Summer Time) | Blog Upload | [SUCCESS] | recieved data from reCAPCTHA
Mon Oct 09 2023 21:34:24 GMT+0100 (British Summer Time) | Blog Upload | [SUCCESS] | User passed reCAPTCHA
Mon Oct 09 2023 21:34:24 GMT+0100 (British Summer Time) | Blog Upload | [SUCCESS] | User passed so sent email to them
Mon Oct 09 2023 21:34:26 GMT+0100 (British Summer Time) | Blog Upload | [SUCCESS] | data ready to post to process reCAPTCHA
Mon Oct 09 2023 21:34:26 GMT+0100 (British Summer Time) | Blog Upload | [SUCCESS] | recieved data from reCAPCTHA
Mon Oct 09 2023 21:34:26 GMT+0100 (British Summer Time) | Blog Upload | [SUCCESS] | User passed reCAPTCHA
Mon Oct 09 2023 21:34:26 GMT+0100 (British Summer Time) | Blog Upload | [SUCCESS] | User passed so sent email to them
Mon Oct 09 2023 21:34:42 GMT+0100 (British Summer Time) | Blog Upload | [SUCCESS] | data ready to post to process reCAPTCHA
Mon Oct 09 2023 21:34:42 GMT+0100 (British Summer Time) | Blog Upload | [SUCCESS] | recieved data from reCAPCTHA
Mon Oct 09 2023 21:34:42 GMT+0100 (British Summer Time) | Blog Upload | [SUCCESS] | User passed reCAPTCHA
Mon Oct 09 2023 21:34:42 GMT+0100 (British Summer Time) | Blog Upload | [SUCCESS] | User passed so sent email to them
Mon Oct 09 2023 21:34:48 GMT+0100 (British Summer Time) | Blog Upload | [SUCCESS] | data ready to post to process reCAPTCHA
Mon Oct 09 2023 21:34:48 GMT+0100 (British Summer Time) | Blog Upload | [SUCCESS] | recieved data from reCAPCTHA
Mon Oct 09 2023 21:34:48 GMT+0100 (British Summer Time) | Blog Upload | [SUCCESS] | User passed reCAPTCHA
Mon Oct 09 2023 21:34:48 GMT+0100 (British Summer Time) | Blog Upload | [SUCCESS] | User passed so sent email to them
Mon Oct 09 2023 21:34:58 GMT+0100 (British Summer Time) | Blog Upload | [SUCCESS] | data ready to post to process reCAPTCHA
Mon Oct 09 2023 21:34:58 GMT+0100 (British Summer Time) | Blog Upload | [SUCCESS] | recieved data from reCAPCTHA
Mon Oct 09 2023 21:34:58 GMT+0100 (British Summer Time) | Blog Upload | [SUCCESS] | User passed reCAPTCHA
Mon Oct 09 2023 21:34:58 GMT+0100 (British Summer Time) | Blog Upload | [SUCCESS] | User passed so sent email to them
Mon Oct 09 2023 21:35:40 GMT+0100 (British Summer Time) | Blog Upload | [SUCCESS] | data ready to post to process reCAPTCHA
Mon Oct 09 2023 21:35:40 GMT+0100 (British Summer Time) | Blog Upload | [SUCCESS] | recieved data from reCAPCTHA
Mon Oct 09 2023 21:35:40 GMT+0100 (British Summer Time) | Blog Upload | [SUCCESS] | User passed reCAPTCHA
Mon Oct 09 2023 21:35:40 GMT+0100 (British Summer Time) | Blog Upload | [SUCCESS] | User passed so sent email to them
Mon Oct 09 2023 21:52:18 GMT+0100 (British Summer Time) | Blog Upload | [SUCCESS] | called function to create html file
Mon Oct 09 2023 21:52:18 GMT+0100 (British Summer Time) | Blog Upload | [SUCCESS] | Called convert HTML function
Mon Oct 09 2023 21:52:18 GMT+0100 (British Summer Time) | Blog Upload | [SUCCESS] | Saved HTML file
Mon Oct 09 2023 21:52:18 GMT+0100 (British Summer Time) | Blog Upload | [SUCCESS] | Removed .docx file from local storage
Mon Oct 09 2023 21:52:18 GMT+0100 (British Summer Time) | Blog Upload | [SUCCESS] | Sent success html doc to 
Mon Oct 09 2023 21:52:18 GMT+0100 (British Summer Time) | Blog Upload | [SUCCESS] | Removed html file from local storage
Mon Oct 09 2023 21:53:27 GMT+0100 (British Summer Time) | Blog Upload | [SUCCESS] | called function to create html file
Mon Oct 09 2023 21:53:27 GMT+0100 (British Summer Time) | Blog Upload | [SUCCESS] | Called convert HTML function
Mon Oct 09 2023 21:53:27 GMT+0100 (British Summer Time) | Blog Upload | [SUCCESS] | Saved HTML file
Mon Oct 09 2023 21:53:27 GMT+0100 (British Summer Time) | Blog Upload | [SUCCESS] | Removed .docx file from local storage
Mon Oct 09 2023 21:53:27 GMT+0100 (British Summer Time) | Blog Upload | [SUCCESS] | Sent success html doc to 
Mon Oct 09 2023 21:57:37 GMT+0100 (British Summer Time) | Blog Upload | [SUCCESS] | called function to create html file
Mon Oct 09 2023 21:57:37 GMT+0100 (British Summer Time) | Blog Upload | [SUCCESS] | Called convert HTML function
Mon Oct 09 2023 21:57:37 GMT+0100 (British Summer Time) | Blog Upload | [SUCCESS] | Saved HTML file
Mon Oct 09 2023 21:57:37 GMT+0100 (British Summer Time) | Blog Upload | [SUCCESS] | Removed .docx file from local storage
Mon Oct 09 2023 21:57:37 GMT+0100 (British Summer Time) | Blog Upload | [SUCCESS] | Sent success html doc to 
Mon Oct 09 2023 22:15:52 GMT+0100 (British Summer Time) | Blog Upload | [SUCCESS] | called function to create html file
Mon Oct 09 2023 22:15:52 GMT+0100 (British Summer Time) | Blog Upload | [SUCCESS] | Called convert HTML function
Mon Oct 09 2023 22:15:52 GMT+0100 (British Summer Time) | Blog Upload | [SUCCESS] | Saved HTML file
Mon Oct 09 2023 22:15:52 GMT+0100 (British Summer Time) | Blog Upload | [SUCCESS] | Removed .docx file from local storage
Mon Oct 09 2023 22:15:52 GMT+0100 (British Summer Time) | Blog Upload | [SUCCESS] | Sent success html doc to 
Mon Oct 09 2023 22:16:03 GMT+0100 (British Summer Time) | Blog Upload | [SUCCESS] | called function to create html file
Mon Oct 09 2023 22:16:03 GMT+0100 (British Summer Time) | Blog Upload | [SUCCESS] | Called convert HTML function
Mon Oct 09 2023 22:16:03 GMT+0100 (British Summer Time) | Blog Upload | [SUCCESS] | Saved HTML file
Mon Oct 09 2023 22:16:03 GMT+0100 (British Summer Time) | Blog Upload | [SUCCESS] | Removed .docx file from local storage
Mon Oct 09 2023 22:16:03 GMT+0100 (British Summer Time) | Blog Upload | [SUCCESS] | Sent success html doc to 
Mon Oct 09 2023 22:16:39 GMT+0100 (British Summer Time) | Blog Upload | [SUCCESS] | called function to create html file
Mon Oct 09 2023 22:16:39 GMT+0100 (British Summer Time) | Blog Upload | [SUCCESS] | Called convert HTML function
Mon Oct 09 2023 22:16:39 GMT+0100 (British Summer Time) | Blog Upload | [SUCCESS] | Saved HTML file
Mon Oct 09 2023 22:16:39 GMT+0100 (British Summer Time) | Blog Upload | [SUCCESS] | Removed .docx file from local storage
Mon Oct 09 2023 22:16:39 GMT+0100 (British Summer Time) | Blog Upload | [SUCCESS] | Sent success html doc to 
Mon Oct 09 2023 22:16:41 GMT+0100 (British Summer Time) | Blog Upload | [SUCCESS] | called function to create html file
Mon Oct 09 2023 22:16:41 GMT+0100 (British Summer Time) | Blog Upload | [SUCCESS] | Called convert HTML function
Mon Oct 09 2023 22:16:41 GMT+0100 (British Summer Time) | Blog Upload | [SUCCESS] | Saved HTML file
Mon Oct 09 2023 22:16:41 GMT+0100 (British Summer Time) | Blog Upload | [SUCCESS] | Removed .docx file from local storage
Mon Oct 09 2023 22:16:41 GMT+0100 (British Summer Time) | Blog Upload | [SUCCESS] | Sent success html doc to 
Mon Oct 09 2023 22:21:08 GMT+0100 (British Summer Time) | Blog Upload | [SUCCESS] | called function to create html file
Mon Oct 09 2023 22:21:08 GMT+0100 (British Summer Time) | Blog Upload | [SUCCESS] | Called convert HTML function
Mon Oct 09 2023 22:21:08 GMT+0100 (British Summer Time) | Blog Upload | [SUCCESS] | Saved HTML file
Mon Oct 09 2023 22:21:08 GMT+0100 (British Summer Time) | Blog Upload | [SUCCESS] | Removed .docx file from local storage
Mon Oct 09 2023 22:21:08 GMT+0100 (British Summer Time) | Blog Upload | [SUCCESS] | Sent success html doc to 
Mon Oct 09 2023 22:22:36 GMT+0100 (British Summer Time) | Blog Upload | [SUCCESS] | called function to create html file
Mon Oct 09 2023 22:22:36 GMT+0100 (British Summer Time) | Blog Upload | [SUCCESS] | Called convert HTML function
Mon Oct 09 2023 22:22:36 GMT+0100 (British Summer Time) | Blog Upload | [SUCCESS] | Saved HTML file
Mon Oct 09 2023 22:22:36 GMT+0100 (British Summer Time) | Blog Upload | [SUCCESS] | Removed .docx file from local storage
Mon Oct 09 2023 22:22:36 GMT+0100 (British Summer Time) | Blog Upload | [SUCCESS] | Sent success html doc to 
Mon Oct 09 2023 22:22:43 GMT+0100 (British Summer Time) | Blog Upload | [SUCCESS] | called function to create html file
Mon Oct 09 2023 22:22:43 GMT+0100 (British Summer Time) | Blog Upload | [SUCCESS] | Called convert HTML function
Mon Oct 09 2023 22:22:43 GMT+0100 (British Summer Time) | Blog Upload | [SUCCESS] | Saved HTML file
Mon Oct 09 2023 22:22:43 GMT+0100 (British Summer Time) | Blog Upload | [SUCCESS] | Removed .docx file from local storage
Mon Oct 09 2023 22:22:43 GMT+0100 (British Summer Time) | Blog Upload | [SUCCESS] | Sent success html doc to 
Mon Oct 09 2023 22:22:59 GMT+0100 (British Summer Time) | Blog Upload | [SUCCESS] | called function to create html file
Mon Oct 09 2023 22:22:59 GMT+0100 (British Summer Time) | Blog Upload | [SUCCESS] | Called convert HTML function
Mon Oct 09 2023 22:22:59 GMT+0100 (British Summer Time) | Blog Upload | [SUCCESS] | Saved HTML file
Mon Oct 09 2023 22:22:59 GMT+0100 (British Summer Time) | Blog Upload | [SUCCESS] | Removed .docx file from local storage
Mon Oct 09 2023 22:22:59 GMT+0100 (British Summer Time) | Blog Upload | [SUCCESS] | Sent success html doc to 
Mon Oct 09 2023 22:23:22 GMT+0100 (British Summer Time) | Blog Upload | [SUCCESS] | called function to create html file
Mon Oct 09 2023 22:23:22 GMT+0100 (British Summer Time) | Blog Upload | [SUCCESS] | Called convert HTML function
Mon Oct 09 2023 22:23:22 GMT+0100 (British Summer Time) | Blog Upload | [SUCCESS] | Saved HTML file
Mon Oct 09 2023 22:23:22 GMT+0100 (British Summer Time) | Blog Upload | [SUCCESS] | Removed .docx file from local storage
Mon Oct 09 2023 22:23:22 GMT+0100 (British Summer Time) | Blog Upload | [SUCCESS] | Sent success html doc to 
Mon Oct 09 2023 22:24:52 GMT+0100 (British Summer Time) | Blog Upload | [SUCCESS] | called function to create html file
Mon Oct 09 2023 22:24:52 GMT+0100 (British Summer Time) | Blog Upload | [SUCCESS] | Called convert HTML function
Mon Oct 09 2023 22:24:52 GMT+0100 (British Summer Time) | Blog Upload | [SUCCESS] | Saved HTML file
Mon Oct 09 2023 22:24:52 GMT+0100 (British Summer Time) | Blog Upload | [SUCCESS] | Removed .docx file from local storage
Mon Oct 09 2023 22:24:52 GMT+0100 (British Summer Time) | Blog Upload | [ERROR] | TypeError: Cannot read properties of undefined (reading 'then'), failed on convert to HTML
Tue Oct 10 2023 09:58:29 GMT+0100 (British Summer Time) | Blog Upload | [SUCCESS] | called function to create html file
Tue Oct 10 2023 09:58:29 GMT+0100 (British Summer Time) | Blog Upload | [SUCCESS] | Called convert HTML function
Tue Oct 10 2023 09:58:29 GMT+0100 (British Summer Time) | Blog Upload | [SUCCESS] | Saved HTML file
Tue Oct 10 2023 09:58:29 GMT+0100 (British Summer Time) | Blog Upload | [SUCCESS] | Removed .docx file from local storage
Tue Oct 10 2023 09:58:29 GMT+0100 (British Summer Time) | Blog Upload | [SUCCESS] | Sent success html doc to 
Tue Oct 10 2023 09:59:00 GMT+0100 (British Summer Time) | Blog Upload | [SUCCESS] | called function to create html file
Tue Oct 10 2023 09:59:00 GMT+0100 (British Summer Time) | Blog Upload | [SUCCESS] | Called convert HTML function
Tue Oct 10 2023 09:59:00 GMT+0100 (British Summer Time) | Blog Upload | [SUCCESS] | Saved HTML file
Tue Oct 10 2023 09:59:00 GMT+0100 (British Summer Time) | Blog Upload | [SUCCESS] | Removed .docx file from local storage
Tue Oct 10 2023 09:59:00 GMT+0100 (British Summer Time) | Blog Upload | [SUCCESS] | Sent success html doc to 
Tue Oct 10 2023 10:09:18 GMT+0100 (British Summer Time) | Blog Upload | [SUCCESS] | called function to create html file
Tue Oct 10 2023 10:09:18 GMT+0100 (British Summer Time) | Blog Upload | [SUCCESS] | Called convert HTML function
Tue Oct 10 2023 10:09:18 GMT+0100 (British Summer Time) | Blog Upload | [SUCCESS] | Saved HTML file
Tue Oct 10 2023 10:09:18 GMT+0100 (British Summer Time) | Blog Upload | [SUCCESS] | Removed .docx file from local storage
Tue Oct 10 2023 10:09:18 GMT+0100 (British Summer Time) | Blog Upload | [SUCCESS] | Sent success html doc to 
Tue Oct 10 2023 10:11:25 GMT+0100 (British Summer Time) | Blog Upload | [SUCCESS] | called function to create html file
Tue Oct 10 2023 10:11:25 GMT+0100 (British Summer Time) | Blog Upload | [SUCCESS] | Called convert HTML function
Tue Oct 10 2023 10:11:25 GMT+0100 (British Summer Time) | Blog Upload | [SUCCESS] | Saved HTML file
Tue Oct 10 2023 10:11:25 GMT+0100 (British Summer Time) | Blog Upload | [SUCCESS] | Removed .docx file from local storage
Tue Oct 10 2023 10:11:25 GMT+0100 (British Summer Time) | Blog Upload | [SUCCESS] | Sent success html doc to 
Tue Oct 10 2023 10:12:00 GMT+0100 (British Summer Time) | Blog Upload | [SUCCESS] | called function to create html file
Tue Oct 10 2023 10:12:00 GMT+0100 (British Summer Time) | Blog Upload | [SUCCESS] | Called convert HTML function
Tue Oct 10 2023 10:12:00 GMT+0100 (British Summer Time) | Blog Upload | [SUCCESS] | Saved HTML file
Tue Oct 10 2023 10:12:00 GMT+0100 (British Summer Time) | Blog Upload | [SUCCESS] | Removed .docx file from local storage
Tue Oct 10 2023 10:12:00 GMT+0100 (British Summer Time) | Blog Upload | [SUCCESS] | Sent success html doc to 
Tue Oct 10 2023 10:14:42 GMT+0100 (British Summer Time) | Blog Upload | [SUCCESS] | called function to create html file
Tue Oct 10 2023 10:14:42 GMT+0100 (British Summer Time) | Blog Upload | [SUCCESS] | Called convert HTML function
Tue Oct 10 2023 10:14:43 GMT+0100 (British Summer Time) | Blog Upload | [ERROR] | Generating HTML file: [object Object]
Tue Oct 10 2023 10:14:43 GMT+0100 (British Summer Time) | Blog Upload | [ERROR] | Generating HTML file: [object Object]
Tue Oct 10 2023 10:14:43 GMT+0100 (British Summer Time) | Blog Upload | [ERROR] | Generating HTML file: [object Object]
Tue Oct 10 2023 10:14:43 GMT+0100 (British Summer Time) | Blog Upload | [SUCCESS] | Saved HTML file
Tue Oct 10 2023 10:14:43 GMT+0100 (British Summer Time) | Blog Upload | [SUCCESS] | Removed .docx file from local storage
Tue Oct 10 2023 10:14:43 GMT+0100 (British Summer Time) | Blog Upload | [SUCCESS] | Sent success html doc to 
Tue Oct 10 2023 10:20:21 GMT+0100 (British Summer Time) | Blog Upload | [SUCCESS] | called function to create html file
Tue Oct 10 2023 10:20:21 GMT+0100 (British Summer Time) | Blog Upload | [SUCCESS] | Called convert HTML function
Tue Oct 10 2023 10:20:21 GMT+0100 (British Summer Time) | Blog Upload | [SUCCESS] | Saved HTML file
Tue Oct 10 2023 10:20:21 GMT+0100 (British Summer Time) | Blog Upload | [SUCCESS] | Removed .docx file from local storage
Tue Oct 10 2023 10:20:21 GMT+0100 (British Summer Time) | Blog Upload | [SUCCESS] | Sent success html doc to 
Tue Oct 10 2023 14:15:01 GMT+0100 (British Summer Time) | Blog Upload | [SUCCESS] | called function to create html file
Tue Oct 10 2023 14:15:01 GMT+0100 (British Summer Time) | Blog Upload | [SUCCESS] | Called convert HTML function
Tue Oct 10 2023 14:15:01 GMT+0100 (British Summer Time) | Blog Upload | [SUCCESS] | Saved HTML file
Tue Oct 10 2023 14:15:01 GMT+0100 (British Summer Time) | Blog Upload | [SUCCESS] | Removed .docx file from local storage
Tue Oct 10 2023 14:15:01 GMT+0100 (British Summer Time) | Blog Upload | [SUCCESS] | Sent success html doc to 
Tue Oct 10 2023 14:16:50 GMT+0100 (British Summer Time) | Blog Upload | [SUCCESS] | Called convert HTML function
Tue Oct 10 2023 14:24:43 GMT+0100 (British Summer Time) | Blog Upload | [SUCCESS] | Called convert HTML function
Tue Oct 10 2023 14:25:26 GMT+0100 (British Summer Time) | Blog Upload | [SUCCESS] | called function to create html file
Tue Oct 10 2023 14:25:26 GMT+0100 (British Summer Time) | Blog Upload | [SUCCESS] | Called convert HTML function
Tue Oct 10 2023 14:25:26 GMT+0100 (British Summer Time) | Blog Upload | [SUCCESS] | Saved HTML file
Tue Oct 10 2023 14:25:26 GMT+0100 (British Summer Time) | Blog Upload | [SUCCESS] | Removed .docx file from local storage
Tue Oct 10 2023 14:25:26 GMT+0100 (British Summer Time) | Blog Upload | [SUCCESS] | Sent success html doc to 
Tue Oct 10 2023 14:26:19 GMT+0100 (British Summer Time) | Blog Upload | [SUCCESS] | Called convert HTML function
Tue Oct 10 2023 14:40:32 GMT+0100 (British Summer Time) | Blog Upload | [SUCCESS] | Called convert HTML function
Tue Oct 10 2023 14:42:08 GMT+0100 (British Summer Time) | Blog Upload | [SUCCESS] | Called convert HTML function
Tue Oct 10 2023 14:43:04 GMT+0100 (British Summer Time) | Blog Upload | [SUCCESS] | Called convert HTML function
Tue Oct 10 2023 14:43:38 GMT+0100 (British Summer Time) | Blog Upload | [SUCCESS] | Called convert HTML function
Tue Oct 10 2023 14:43:50 GMT+0100 (British Summer Time) | Blog Upload | [SUCCESS] | Called convert HTML function
Tue Oct 10 2023 14:45:31 GMT+0100 (British Summer Time) | Blog Upload | [SUCCESS] | Called convert HTML function
Tue Oct 10 2023 14:48:38 GMT+0100 (British Summer Time) | Blog Upload | [SUCCESS] | called function to create html file
Tue Oct 10 2023 14:48:38 GMT+0100 (British Summer Time) | Blog Upload | [SUCCESS] | Called convert HTML function
Tue Oct 10 2023 14:48:38 GMT+0100 (British Summer Time) | Blog Upload | [SUCCESS] | Saved HTML file
Tue Oct 10 2023 14:48:38 GMT+0100 (British Summer Time) | Blog Upload | [SUCCESS] | Removed .docx file from local storage
Tue Oct 10 2023 14:48:38 GMT+0100 (British Summer Time) | Blog Upload | [SUCCESS] | Sent success html doc to 
Tue Oct 10 2023 14:49:05 GMT+0100 (British Summer Time) | Blog Upload | [SUCCESS] | called function to create html file
Tue Oct 10 2023 14:49:05 GMT+0100 (British Summer Time) | Blog Upload | [SUCCESS] | Called convert HTML function
Tue Oct 10 2023 14:49:05 GMT+0100 (British Summer Time) | Blog Upload | [ERROR] | Generating HTML file: [object Object]
Tue Oct 10 2023 14:49:05 GMT+0100 (British Summer Time) | Blog Upload | [ERROR] | Generating HTML file: [object Object]
Tue Oct 10 2023 14:49:05 GMT+0100 (British Summer Time) | Blog Upload | [ERROR] | Generating HTML file: [object Object]
Tue Oct 10 2023 14:49:05 GMT+0100 (British Summer Time) | Blog Upload | [SUCCESS] | Saved HTML file
Tue Oct 10 2023 14:49:05 GMT+0100 (British Summer Time) | Blog Upload | [SUCCESS] | Removed .docx file from local storage
Tue Oct 10 2023 14:49:05 GMT+0100 (British Summer Time) | Blog Upload | [SUCCESS] | Sent success html doc to 
Tue Oct 10 2023 15:02:22 GMT+0100 (British Summer Time) | Blog Upload | [SUCCESS] | Called convert HTML function
Tue Oct 10 2023 15:07:29 GMT+0100 (British Summer Time) | Blog Upload | [SUCCESS] | called function to create html file
Tue Oct 10 2023 15:07:29 GMT+0100 (British Summer Time) | Blog Upload | [SUCCESS] | Called convert HTML function
Tue Oct 10 2023 15:07:30 GMT+0100 (British Summer Time) | Blog Upload | [SUCCESS] | Sent success html doc to 
Tue Oct 10 2023 15:07:59 GMT+0100 (British Summer Time) | Blog Upload | [SUCCESS] | called function to create html file
Tue Oct 10 2023 15:07:59 GMT+0100 (British Summer Time) | Blog Upload | [SUCCESS] | Called convert HTML function
Tue Oct 10 2023 15:07:59 GMT+0100 (British Summer Time) | Blog Upload | [SUCCESS] | Sent success html doc to 
Tue Oct 10 2023 15:12:17 GMT+0100 (British Summer Time) | Blog Upload | [SUCCESS] | data ready to post to process reCAPTCHA
Tue Oct 10 2023 15:12:17 GMT+0100 (British Summer Time) | Blog Upload | [SUCCESS] | recieved data from reCAPCTHA
Tue Oct 10 2023 15:12:17 GMT+0100 (British Summer Time) | Blog Upload | [SUCCESS] | User passed reCAPTCHA
Tue Oct 10 2023 15:12:17 GMT+0100 (British Summer Time) | Blog Upload | [SUCCESS] | User passed so sent email to them
Tue Oct 10 2023 15:12:28 GMT+0100 (British Summer Time) | Blog Upload | [SUCCESS] | called function to create html file
Tue Oct 10 2023 15:12:28 GMT+0100 (British Summer Time) | Blog Upload | [SUCCESS] | Called convert HTML function
Tue Oct 10 2023 15:12:29 GMT+0100 (British Summer Time) | Blog Upload | [SUCCESS] | Sent success html as text to client
Sun Oct 29 2023 15:06:11 GMT+0000 (Greenwich Mean Time) | Blog Upload | [SUCCESS] | data ready to post to process reCAPTCHA
Sun Oct 29 2023 15:06:11 GMT+0000 (Greenwich Mean Time) | Blog Upload | [SUCCESS] | recieved data from reCAPCTHA
Sun Oct 29 2023 15:06:11 GMT+0000 (Greenwich Mean Time) | Blog Upload | [SUCCESS] | User passed reCAPTCHA
Sun Oct 29 2023 15:06:11 GMT+0000 (Greenwich Mean Time) | Blog Upload | [SUCCESS] | User passed so sent email to them
Tue Oct 31 2023 21:12:37 GMT+0000 (Greenwich Mean Time) | Blog Upload | [SUCCESS] | called function to create html file
Tue Oct 31 2023 21:12:37 GMT+0000 (Greenwich Mean Time) | Blog Upload | [SUCCESS] | Called convert HTML function
Tue Oct 31 2023 21:12:37 GMT+0000 (Greenwich Mean Time) | Blog Upload | [SUCCESS] | Sent html as text to client
Tue Oct 31 2023 21:13:06 GMT+0000 (Greenwich Mean Time) | Blog Upload | [SUCCESS] | data ready to post to process reCAPTCHA
Tue Oct 31 2023 21:13:06 GMT+0000 (Greenwich Mean Time) | Blog Upload | [SUCCESS] | recieved data from reCAPCTHA
Tue Oct 31 2023 21:13:06 GMT+0000 (Greenwich Mean Time) | Blog Upload | [SUCCESS] | User passed reCAPTCHA
Tue Oct 31 2023 21:13:06 GMT+0000 (Greenwich Mean Time) | Blog Upload | [SUCCESS] | User passed so sent email to them
